Run npm run build

> react-final@0.1.0 build /home/runner/work/Camping/Camping
> react-scripts build

Creating an optimized production build...

Treating warnings as errors because process.env.CI = true.
Most CI servers set it automatically.

Failed to compile.

[eslint] 
src/pages/campDetail.js
  Line 412:6:  React Hook useEffect has a missing dependency: 'id'. Either include it or remove the dependency array              react-hooks/exhaustive-deps
  Line 419:6:  React Hook useEffect has a missing dependency: 'onFilterSearch'. Either include it or remove the dependency array  react-hooks/exhaustive-deps

src/pages/checkout-confirm.js
  Line 58:23:  'setCurrentStep' is assigned a value but never used  no-unused-vars
  Line 62:9:   'navigate' is assigned a value but never used        no-unused-vars

src/pages/checkout-payment.js
  Line 12:3:   'Card' is defined but never used                     no-unused-vars
  Line 58:10:  'currentStep' is assigned a value but never used     no-unused-vars
  Line 58:23:  'setCurrentStep' is assigned a value but never used  no-unused-vars

src/pages/homePage.js
  Line 44:14:  'colorBgContainer' is assigned a value but never used  no-unused-vars
  Line 44:32:  'borderRadiusLG' is assigned a value but never used    no-unused-vars

src/pages/paymentResult.js
  Line 5:10:  'param' is defined but never used  no-unused-vars

src/pages/register.js
  Line 2:10:   'NavLink' is defined but never used                                                                      no-unused-vars
  Line 162:6:  React Hook useEffect has a missing dependency: 'form'. Either include it or remove the dependency array  react-hooks/exhaustive-deps
  Line 167:6:  React Hook useEffect has a missing dependency: 'form'. Either include it or remove the dependency array  react-hooks/exhaustive-deps

src/pages/searchPage.js
  Line 6:36:  'Typography' is defined but never used  no-unused-vars

src/pages/termService.js
  Line 9:25:  Headings must have content and the content must be accessible by a screen reader  jsx-a11y/heading-has-content

src/pages/user/userOrderQuery.js
  Line 4:42:   'Alert' is defined but never used                    no-unused-vars
  Line 4:49:   'Button' is defined but never used                   no-unused-vars
  Line 4:57:   'Tag' is defined but never used                      no-unused-vars
  Line 4:87:   'Divider' is defined but never used                  no-unused-vars
  Line 61:10:  'selectedKey' is assigned a value but never used     no-unused-vars
  Line 61:23:  'setSelectedKey' is assigned a value but never used  no-unused-vars
  Line 62:11:  'isLoggedIn' is assigned a value but never used      no-unused-vars

src/pages/user/userProfile.js
  Line 34:16:  'Text' is assigned a value but never used                                                                          no-unused-vars
  Line 40:11:  'isLoggedIn' is assigned a value but never used                                                                    no-unused-vars
  Line 149:6:  React Hook useEffect has a missing dependency: 'getUserProfile'. Either include it or remove the dependency array  react-hooks/exhaustive-deps


npm ERR! code ELIFECYCLE
npm ERR! errno 1
npm ERR! react-final@0.1.0 build: `react-scripts build`
npm ERR! Exit status 1
npm ERR! 
npm ERR! Failed at the react-final@0.1.0 build script.
npm ERR! This is probably not a problem with npm. There is likely additional logging output above.

npm ERR! A complete log of this run can be found in:
npm ERR!     /home/runner/.npm/_logs/2025-07-03T11_37_16_701Z-debug.log
Error: Process completed with exit code 1.